Removed Pin From Net: NetName=GND Pin=C9-1
Removed Pin From Net: NetName=RST Pin=C9-2
Removed Pin From Net: NetName=SCK Pin=C9-3
Removed Pin From Net: NetName=MISO Pin=C9-4
Removed Pin From Net: NetName=DIO0 Pin=C9-5
Removed Pin From Net: NetName=MOSI Pin=C9-6
Removed Pin From Net: NetName=NSS Pin=C9-7
Removed Pin From Net: NetName=VCC3.3 Pin=C9-8
Removed Member From Class: ClassName=GATEWAY Member=C9
Added Component: Designator=P1(HDR2X4)
Add component. Clean all parameters for all variants
Add component (AddParameter): Name = "LatestRevisionDate"; Value = "17-Jul-2002"; VariantName = "[No Variations]"
Add component (AddParameter): Name = "LatestRevisionNote"; Value = "Re-released for DXP Platform."; VariantName = "[No Variations]"
Add component (AddParameter): Name = "Publisher"; Value = "Altium Limited"; VariantName = "[No Variations]"
Added Pin To Net: NetName=GND Pin=P1-1
Added Pin To Net: NetName=VCC3.3 Pin=P1-2
Added Pin To Net: NetName=RST Pin=P1-3
Added Pin To Net: NetName=NSS Pin=P1-4
Added Pin To Net: NetName=SCK Pin=P1-5
Added Pin To Net: NetName=MOSI Pin=P1-6
Added Pin To Net: NetName=MISO Pin=P1-7
Added Pin To Net: NetName=DIO0 Pin=P1-8
Added Member To Class: ClassName=GATEWAY Member=Component P1 Header 4X2
Added Member To Class: ClassName=GATEWAY Member=Component U1 ASM1117
Added Room: Name=GATEWAY
