Removed Pin From Net: NetName=GND Pin=U1-1
Removed Pin From Net: NetName=VCC3.3 Pin=U1-2
Removed Pin From Net: NetName=VCC3.3 Pin=U1-2
Removed Pin From Net: NetName=+5 Pin=U1-3
Removed Member From Class: ClassName=GATEWAY Member=U2
Change Component Footprint: Designator=LED2 Old Footprint=LED-3 New Footprint=LED-5-BLUE
Change Component Footprint: Designator=LED1 Old Footprint=LED-3 New Footprint=LED-5-Yellow
Change Component Designator: OldDesignator=C1 NewDesignator=C7
Change Component Designator: OldDesignator=C2 NewDesignator=C1
Change Component Designator: OldDesignator=C3 NewDesignator=C6
Change Component Designator: OldDesignator=C6 NewDesignator=C2
Change Component Designator: OldDesignator=C7 NewDesignator=C3
Change Component Designator: OldDesignator=JDC NewDesignator=JDC1
Change Component Designator: OldDesignator=NodeMCU ESP8266 NewDesignator=NodeMCU ESP1
Change Component Designator: OldDesignator=R1 NewDesignator=R2
Change Component Designator: OldDesignator=R2 NewDesignator=R1
Change Component Designator: OldDesignator=SW NewDesignator=SW1
Change Component Designator: OldDesignator=U2 NewDesignator=U1
Added Component: Designator=IC1(SOT223-4N)
Add component. Clean all parameters for all variants
Add component (AddParameter): Name = "Value"; Value = "LM317"; VariantName = "[No Variations]"
Added Pin To Net: NetName=GND Pin=IC1-1
Added Pin To Net: NetName=VCC3.3 Pin=IC1-2
Added Pin To Net: NetName=+5 Pin=IC1-3
Added Member To Class: ClassName=GATEWAY Member=Component IC1 LM1117
Added Member To Class: ClassName=GATEWAY Member=Component SW1 SW
Added Member To Class: ClassName=GATEWAY Member=Component X1 16Mhz
Added Room: Name=GATEWAY
