Removed Pin From Net: NetName=GND Pin=J1-1
Removed Pin From Net: NetName=+12 Pin=J1-2
Removed Pin From Net: NetName=NetC13_2 Pin=J2-1
Removed Pin From Net: NetName=VCC30V Pin=J2-2
Removed Pin From Net: NetName=GND Pin=J4-1
Removed Pin From Net: NetName=VCC30V Pin=J4-2
Removed Pin From Net: NetName=GND Pin=P1-1
Removed Pin From Net: NetName=VCC3.3 Pin=P1-2
Removed Pin From Net: NetName=PB1 Pin=P1-3
Removed Pin From Net: NetName=PB2 Pin=P1-4
Removed Pin From Net: NetName=PB5 Pin=P1-5
Removed Pin From Net: NetName=PB3 Pin=P1-6
Removed Pin From Net: NetName=PB4 Pin=P1-7
Removed Pin From Net: NetName=PD2 Pin=P1-8
Removed Pin From Net: NetName=GND Pin=U2-1
Removed Pin From Net: NetName=VCC3.3 Pin=U2-2
Removed Pin From Net: NetName=VCC3.3 Pin=U2-2
Removed Pin From Net: NetName=+5 Pin=U2-3
Removed Member From Class: ClassName=File_Nguyen_ly Member=P1
Removed Member From Class: ClassName=File_Nguyen_ly Member=U2
Change Component Designator: OldDesignator=IC2 NewDesignator=IC3
Change Component Designator: OldDesignator=J2 NewDesignator=J3
Change Component Designator: OldDesignator=J3 NewDesignator=J5
Change Component Designator: OldDesignator=R2 NewDesignator=R3
Change Component Designator: OldDesignator=R3 NewDesignator=R2
Added Component: Designator=IC2(SOT223-4N)
Add component. Clean all parameters for all variants
Add component (AddParameter): Name = "Value"; Value = "LM317"; VariantName = "[No Variations]"
Added Component: Designator=J2(KF2-5.08)
Add component. Clean all parameters for all variants
Add component (AddParameter): Name = "ComponentLink1 Description"; Value = "Manufacturer"; VariantName = "[No Variations]"
Add component (AddParameter): Name = "ComponentLink1URL"; Value = "http://www.we-online.com"; VariantName = "[No Variations]"
Add component (AddParameter): Name = "ComponentLink2 Description"; Value = "Datasheet"; VariantName = "[No Variations]"
Add component (AddParameter): Name = "ComponentLink2URL"; Value = "http://katalog.we-online.de/em/datasheet/6911031100xx.pdf"; VariantName = "[No Variations]"
Add component (AddParameter): Name = "Created by"; Value = "Karrer Zheng"; VariantName = "[No Variations]"
Add component (AddParameter): Name = "Created Date"; Value = "29 October 2013"; VariantName = "[No Variations]"
Add component (AddParameter): Name = "Manufacturer"; Value = "Würth Elektronik eiSos GmbH"; VariantName = "[No Variations]"
Add component (AddParameter): Name = "NoPins"; Value = "2"; VariantName = "[No Variations]"
Add component (AddParameter): Name = "partNo"; Value = "691103110002"; VariantName = "[No Variations]"
Added Component: Designator=J6(KF3-5.08)
Add component. Clean all parameters for all variants
Add component (AddParameter): Name = "ComponentLink1 Description"; Value = "Manufacturer"; VariantName = "[No Variations]"
Add component (AddParameter): Name = "ComponentLink1URL"; Value = "http://www.we-online.com"; VariantName = "[No Variations]"
Add component (AddParameter): Name = "ComponentLink2 Description"; Value = "Datasheet"; VariantName = "[No Variations]"
Add component (AddParameter): Name = "ComponentLink2URL"; Value = "http://katalog.we-online.de/em/datasheet/6911031100xx.pdf"; VariantName = "[No Variations]"
Add component (AddParameter): Name = "Created by"; Value = "Karrer Zheng"; VariantName = "[No Variations]"
Add component (AddParameter): Name = "Created Date"; Value = "29 October 2013"; VariantName = "[No Variations]"
Add component (AddParameter): Name = "Manufacturer"; Value = "Würth Elektronik eiSos GmbH"; VariantName = "[No Variations]"
Add component (AddParameter): Name = "NoPins"; Value = "3"; VariantName = "[No Variations]"
Add component (AddParameter): Name = "partNo"; Value = "691103110003"; VariantName = "[No Variations]"
Added Component: Designator=JP1(JP4x2)
Add component. Clean all parameters for all variants
Add component (AddParameter): Name = "Value"; Value = "Connector 4x2"; VariantName = "[No Variations]"
Added Pin To Net: NetName=GND Pin=IC2-1
Added Pin To Net: NetName=VCC3.3 Pin=IC2-2
Added Pin To Net: NetName=+5 Pin=IC2-3
Added Pin To Net: NetName=GND Pin=J1-2
Added Pin To Net: NetName=+12 Pin=J2-2
Added Pin To Net: NetName=VCC30V Pin=J3-1
Added Pin To Net: NetName=NetC13_2 Pin=J3-2
Added Pin To Net: NetName=VCC30V Pin=J4-1
Added Pin To Net: NetName=GND Pin=J4-2
Added Pin To Net: NetName=+5 Pin=J6-1
Added Pin To Net: NetName=GND Pin=J6-3
Added Pin To Net: NetName=GND Pin=JP1-1
Added Pin To Net: NetName=PB1 Pin=JP1-2
Added Pin To Net: NetName=PB5 Pin=JP1-3
Added Pin To Net: NetName=PB4 Pin=JP1-4
Added Pin To Net: NetName=VCC3.3 Pin=JP1-5
Added Pin To Net: NetName=PB2 Pin=JP1-6
Added Pin To Net: NetName=PB3 Pin=JP1-7
Added Pin To Net: NetName=PD2 Pin=JP1-8
Change Net Name : Old Net Name=+12 New Net Name=NetC2_1
Change Net Name : Old Net Name=NetIC2_2 New Net Name=NetIC3_2
Added Pin To Net: NetName=+12 Pin=J1-1
Added Pin To Net: NetName=+12 Pin=J2-1
Added Net: Name=+12
Added Pin To Net: NetName=PC2 Pin=J6-2
Added Pin To Net: NetName=PC2 Pin=U1-25
Added Net: Name=PC2
Added Member To Class: ClassName=File_Nguyen_ly Member=Component IC3 LM358
Added Member To Class: ClassName=File_Nguyen_ly Member=Component J5 KF4
Added Member To Class: ClassName=File_Nguyen_ly Member=Component J6 KF3
Added Member To Class: ClassName=File_Nguyen_ly Member=Component JP1 Connector 4x2
Added Room: Name=File_Nguyen_ly
