Removed Pin From Net: NetName=+12 Pin=D4-1
Removed Pin From Net: NetName=NetQ1_1 Pin=Q1-1
Removed Pin From Net: NetName=NetJ3_1 Pin=Q1-2
Removed Pin From Net: NetName=NetJ3_1 Pin=Q1-2
Removed Pin From Net: NetName=GND Pin=Q1-3
Removed Pin From Net: NetName=NetQ2_1 Pin=Q2-1
Removed Pin From Net: NetName=NetJ3_3 Pin=Q2-2
Removed Pin From Net: NetName=NetJ3_3 Pin=Q2-2
Removed Pin From Net: NetName=GND Pin=Q2-3
Removed Member From Class: ClassName=File_Nguyen_Ly Member=D4
Change Component Footprint: Designator=R6 Old Footprint=R1/4W New Footprint=R1/2W
Change Component Footprint: Designator=R8 Old Footprint=R1/4W New Footprint=R1/2W
Added Component: Designator=Q1(TO220H2)
Add component. Clean all parameters for all variants
Add component (AddParameter): Name = "Value"; Value = "IRF840"; VariantName = "[No Variations]"
Added Component: Designator=Q2(TO220H2)
Add component. Clean all parameters for all variants
Add component (AddParameter): Name = "Value"; Value = "IRF840"; VariantName = "[No Variations]"
Added Pin To Net: NetName=NetQ1_1 Pin=Q1-1
Added Pin To Net: NetName=NetJ3_1 Pin=Q1-2
Added Pin To Net: NetName=GND Pin=Q1-3
Added Pin To Net: NetName=NetQ2_1 Pin=Q2-1
Added Pin To Net: NetName=NetJ3_3 Pin=Q2-2
Added Pin To Net: NetName=GND Pin=Q2-3
Added Pin To Net: NetName=+12 Pin=R5-2
Added Room: Name=File_Nguyen_Ly
